This is pdfTeXk, Version 3.141592-1.40.3 (Web2C 7.5.6) (format=pdflatex 2013.10.30)  31 MAR 2014 15:03
entering extended mode
 %&-line parsing enabled.
**poster.tex
(./poster.tex
LaTeX2e <2005/12/01>
Babel <v3.8h> and hyphenation patterns for english, usenglishmax, dumylang, noh
yphenation, arabic, basque, bulgarian, coptic, welsh, czech, slovak, german, ng
erman, danish, esperanto, spanish, catalan, galician, estonian, farsi, finnish,
 french, greek, monogreek, ancientgreek, croatian, hungarian, interlingua, ibyc
us, indonesian, icelandic, italian, latin, mongolian, dutch, norsk, polish, por
tuguese, pinyin, romanian, russian, slovenian, uppersorbian, serbian, swedish, 
turkish, ukenglish, ukrainian, loaded.
(./sciposter.cls
Document Class: sciposter 2004/10/11 v1.12 scientific poster class (MHFW, AMW)
(/usr/share/texmf/tex/latex/base/article.cls
Document Class: article 2005/09/16 v1.4f Standard LaTeX document class
(/usr/share/texmf/tex/latex/base/size10.clo
File: size10.clo 2005/09/16 v1.4f Standard LaTeX file (size option)
)
\c@part=\count79
\c@section=\count80
\c@subsection=\count81
\c@subsubsection=\count82
\c@paragraph=\count83
\c@subparagraph=\count84
\c@figure=\count85
\c@table=\count86
\abovecaptionskip=\skip41
\belowcaptionskip=\skip42
\bibindent=\dimen102
)
(/usr/share/texmf/tex/latex/base/ifthen.sty
Package: ifthen 2001/05/26 v1.1c Standard LaTeX ifthen package (DPC)
)
\papermargin=\skip43
\tempsize=\skip44

(/usr/share/texmf/tex/latex/graphics/graphics.sty
Package: graphics 2006/02/20 v1.0o Standard LaTeX Graphics (DPC,SPQR)

(/usr/share/texmf/tex/latex/graphics/trig.sty
Package: trig 1999/03/16 v1.09 sin cos tan (DPC)
)
(/usr/share/texmf/tex/latex/config/graphics.cfg
File: graphics.cfg 2007/01/18 v1.5 graphics configuration of teTeX/TeXLive
)
Package graphics Info: Driver file: pdftex.def on input line 90.

(/usr/share/texmf/tex/latex/pdftex-def/pdftex.def
File: pdftex.def 2007/01/08 v0.04d Graphics/color for pdfTeX
\Gread@gobject=\count87
))
(/usr/share/texmf/tex/latex/graphics/color.sty
Package: color 2005/11/14 v1.0j Standard LaTeX Color (DPC)

(/usr/share/texmf/tex/latex/config/color.cfg
File: color.cfg 2007/01/18 v1.5 color configuration of teTeX/TeXLive
)
Package color Info: Driver file: pdftex.def on input line 130.
)
(/usr/share/texmf/tex/latex/ltxmisc/shadow.sty
Package: shadow 2003/02/19 v1.3 shadow boxes (M.O.)
\txtwdth=\dimen103
\sht=\dimen104
\shw=\dimen105
\shbox=\box26
\sboxsep=\dimen106
\sboxrule=\dimen107
\sdim=\dimen108
)
(/usr/share/texmf/tex/latex/a0poster/a0size.sty
File: a0size.sty 2004/01/31 v1.22b a0poster class (GK, MW)
LaTeX Font Info:    Redeclaring symbol font `largesymbols' on input line 229.
LaTeX Font Info:    Overwriting symbol font `largesymbols' in version `normal'
(Font)                  OMX/cmex/m/n --> OMX/cmex/m/n on input line 229.
LaTeX Font Info:    Overwriting symbol font `largesymbols' in version `bold'
(Font)                  OMX/cmex/m/n --> OMX/cmex/m/n on input line 229.
\big@size=\dimen109
)
(/usr/share/texmf/tex/latex/psnfss/times.sty
Package: times 2005/04/12 PSNFSS-v9.2a (SPQR) 
)
(/usr/share/texmf/tex/latex/ltxmisc/boxedminipage.sty)
\titlewidth=\skip45
\logowidth=\skip46
\parstartskip=\skip47
\figtopskip=\skip48
\figbotskip=\skip49
\secskip=\skip50
\titleskip=\skip51
\secboxwidth=\skip52
\c@subfig=\count88
\c@algorithm=\count89
\secrulewidth=\skip53
)
(/usr/share/texmf/tex/latex/graphics/epsfig.sty
Package: epsfig 1999/02/16 v1.7a (e)psfig emulation (SPQR)

(/usr/share/texmf/tex/latex/graphics/graphicx.sty
Package: graphicx 1999/02/16 v1.0f Enhanced LaTeX Graphics (DPC,SPQR)

(/usr/share/texmf/tex/latex/graphics/keyval.sty
Package: keyval 1999/03/16 v1.13 key=value parser (DPC)
\KV@toks@=\toks14
)
\Gin@req@height=\dimen110
\Gin@req@width=\dimen111
)
\epsfxsize=\dimen112
\epsfysize=\dimen113
)
(/usr/share/texmf/tex/latex/amsmath/amsmath.sty
Package: amsmath 2000/07/18 v2.13 AMS math features
\@mathmargin=\skip54

For additional information on amsmath, use the `?' option.
(/usr/share/texmf/tex/latex/amsmath/amstext.sty
Package: amstext 2000/06/29 v2.01

(/usr/share/texmf/tex/latex/amsmath/amsgen.sty
File: amsgen.sty 1999/11/30 v2.0
\@emptytoks=\toks15
\ex@=\dimen114
))
(/usr/share/texmf/tex/latex/amsmath/amsbsy.sty
Package: amsbsy 1999/11/29 v1.2d
\pmbraise@=\dimen115
)
(/usr/share/texmf/tex/latex/amsmath/amsopn.sty
Package: amsopn 1999/12/14 v2.01 operator names
)
\inf@bad=\count90
LaTeX Info: Redefining \frac on input line 211.
\uproot@=\count91
\leftroot@=\count92
LaTeX Info: Redefining \overline on input line 307.
\classnum@=\count93
\DOTSCASE@=\count94
LaTeX Info: Redefining \ldots on input line 379.
LaTeX Info: Redefining \dots on input line 382.
LaTeX Info: Redefining \cdots on input line 467.
\Mathstrutbox@=\box27
\strutbox@=\box28
\big@size=\dimen116
LaTeX Font Info:    Redeclaring font encoding OML on input line 567.
LaTeX Font Info:    Redeclaring font encoding OMS on input line 568.
\macc@depth=\count95
\c@MaxMatrixCols=\count96
\dotsspace@=\muskip10
\c@parentequation=\count97
\dspbrk@lvl=\count98
\tag@help=\toks16
\row@=\count99
\column@=\count100
\maxfields@=\count101
\andhelp@=\toks17
\eqnshift@=\dimen117
\alignsep@=\dimen118
\tagshift@=\dimen119
\tagwidth@=\dimen120
\totwidth@=\dimen121
\lineht@=\dimen122
\@envbody=\toks18
\multlinegap=\skip55
\multlinetaggap=\skip56
\mathdisplay@stack=\toks19
LaTeX Info: Redefining \[ on input line 2666.
LaTeX Info: Redefining \] on input line 2667.
)
(/usr/share/texmf/tex/latex/amsfonts/amssymb.sty
Package: amssymb 2002/01/22 v2.2d

(/usr/share/texmf/tex/latex/amsfonts/amsfonts.sty
Package: amsfonts 2001/10/25 v2.2f
\symAMSa=\mathgroup4
\symAMSb=\mathgroup5
LaTeX Font Info:    Overwriting math alphabet `\mathfrak' in version `bold'
(Font)                  U/euf/m/n --> U/euf/b/n on input line 132.
))
(/usr/share/texmf/tex/latex/tools/multicol.sty
Package: multicol 2006/05/18 v1.6g multicolumn formatting (FMi)
\c@tracingmulticols=\count102
\mult@box=\box29
\multicol@leftmargin=\dimen123
\c@unbalance=\count103
\c@collectmore=\count104
\doublecol@number=\count105
\multicoltolerance=\count106
\multicolpretolerance=\count107
\full@width=\dimen124
\page@free=\dimen125
\premulticols=\dimen126
\postmulticols=\dimen127
\multicolsep=\skip57
\multicolbaselineskip=\skip58
\partial@page=\box30
\last@line=\box31
\mult@rightbox=\box32
\mult@grightbox=\box33
\mult@gfirstbox=\box34
\mult@firstbox=\box35
\@tempa=\box36
\@tempa=\box37
\@tempa=\box38
\@tempa=\box39
\@tempa=\box40
\@tempa=\box41
\@tempa=\box42
\@tempa=\box43
\@tempa=\box44
\@tempa=\box45
\@tempa=\box46
\@tempa=\box47
\@tempa=\box48
\@tempa=\box49
\@tempa=\box50
\@tempa=\box51
\@tempa=\box52
\c@columnbadness=\count108
\c@finalcolumnbadness=\count109
\last@try=\dimen128
\multicolovershoot=\dimen129
\multicolundershoot=\dimen130
\mult@nat@firstbox=\box53
\colbreak@box=\box54
)
(/usr/share/texmf/tex/latex/wallpaper/wallpaper.sty
Package: wallpaper 2005/01/18, v1.01 easy wallpaper formatting (MHFW)

(/usr/share/texmf/tex/latex/tools/calc.sty
Package: calc 2005/08/06 v4.2 Infix arithmetic (KKT,FJ)
\calc@Acount=\count110
\calc@Bcount=\count111
\calc@Adimen=\dimen131
\calc@Bdimen=\dimen132
\calc@Askip=\skip59
\calc@Bskip=\skip60
LaTeX Info: Redefining \setlength on input line 75.
LaTeX Info: Redefining \addtolength on input line 76.
\calc@Ccount=\count112
\calc@Cskip=\skip61
)
(/usr/share/texmf/tex/latex/eso-pic/eso-pic.sty
Package: eso-pic 2006/07/14 v1.1d eso-pic (RN)

(/usr/share/texmf/tex/latex/everyshi/everyshi.sty
Package: everyshi 2001/05/15 v3.00 EveryShipout Package (MS)
))
\wpXoffset=\skip62
\wpYoffset=\skip63
\tileXoffset=\skip64
\tileYoffset=\skip65
\tilewidth=\skip66
\tileheight=\skip67
\tileX=\skip68
\tileY=\skip69
)
(/usr/share/texmf/tex/latex/rotating/rotating.sty
Package: rotating 1997/09/26, v2.13 Rotation package
\c@r@tfl@t=\count113
\rot@float@box=\box55
)
(/usr/share/texmf/tex/latex/tools/verbatim.sty
Package: verbatim 2003/08/22 v1.5q LaTeX2e package for verbatim enhancements
\every@verbatim=\toks20
\verbatim@line=\toks21
\verbatim@in@stream=\read1
)
\c@Def=\count114
 (./poster.aux)
\openout1 = `poster.aux'.

LaTeX Font Info:    Checking defaults for OML/cmm/m/it on input line 45.
LaTeX Font Info:    ... okay on input line 45.
LaTeX Font Info:    Checking defaults for T1/cmr/m/n on input line 45.
LaTeX Font Info:    ... okay on input line 45.
LaTeX Font Info:    Checking defaults for OT1/cmr/m/n on input line 45.
LaTeX Font Info:    ... okay on input line 45.
LaTeX Font Info:    Checking defaults for OMS/cmsy/m/n on input line 45.
LaTeX Font Info:    ... okay on input line 45.
LaTeX Font Info:    Checking defaults for OMX/cmex/m/n on input line 45.
LaTeX Font Info:    ... okay on input line 45.
LaTeX Font Info:    Checking defaults for U/cmr/m/n on input line 45.
LaTeX Font Info:    ... okay on input line 45.
LaTeX Font Info:    Try loading font information for OT1+phv on input line 45.

(/usr/share/texmf/tex/latex/psnfss/ot1phv.fd
File: ot1phv.fd 2001/06/04 scalable font definitions for OT1/phv.
)
-- Paper type set to a0.
ABD: EveryShipout initializing macros
LaTeX Font Info:    Font shape `OT1/phv/bx/n' in size <61.92> not available
(Font)              Font shape `OT1/phv/b/n' tried instead on input line 55.
LaTeX Font Info:    Font shape `OT1/phv/bx/n' in size <35.83> not available
(Font)              Font shape `OT1/phv/b/n' tried instead on input line 55.
LaTeX Font Info:    Try loading font information for OT1+pcr on input line 55.

(/usr/share/texmf/tex/latex/psnfss/ot1pcr.fd
File: ot1pcr.fd 2001/06/04 font definitions for OT1/pcr.
)
LaTeX Font Info:    Try loading font information for OMS+pcr on input line 55.

(/usr/share/texmf/tex/latex/psnfss/omspcr.fd
File: omspcr.fd 
)
LaTeX Font Info:    Font shape `OMS/pcr/m/n' in size <29.86> not available
(Font)              Font shape `OMS/cmsy/m/n' tried instead on input line 55.
LaTeX Font Info:    Try loading font information for U+msa on input line 55.

(/usr/share/texmf/tex/latex/amsfonts/umsa.fd
File: umsa.fd 2002/01/19 v2.2g AMS font definitions
)
LaTeX Font Info:    Try loading font information for U+msb on input line 55.

(/usr/share/texmf/tex/latex/amsfonts/umsb.fd
File: umsb.fd 2002/01/19 v2.2g AMS font definitions
)
<../gi2012_userstudy/images/photos/josh_jonathan_new_contraption.jpg, id=1, 361
.35pt x 361.35pt>
File: ../gi2012_userstudy/images/photos/josh_jonathan_new_contraption.jpg Graph
ic file (type jpg)

<use ../gi2012_userstudy/images/photos/josh_jonathan_new_contraption.jpg>
<../gi2012_userstudy/images/photos/available_wall_pieces.jpg, id=2, 240.9pt x 2
40.9pt>
File: ../gi2012_userstudy/images/photos/available_wall_pieces.jpg Graphic file 
(type jpg)
 <use ../gi2012_userstudy/images/photos/available_wall_pieces.jpg>
<../gi2012_userstudy/images/photos/sample_model.png, id=3, 803.0pt x 587.19376p
t>
File: ../gi2012_userstudy/images/photos/sample_model.png Graphic file (type png
)
 <use ../gi2012_userstudy/images/photos/sample_model.png>
<../gi2012_userstudy/images/photos/sample_rendering.png, id=4, 803.0pt x 587.19
376pt>
File: ../gi2012_userstudy/images/photos/sample_rendering.png Graphic file (type
 png)
 <use ../gi2012_userstudy/images/photos/sample_rendering.png>
Underfull \hbox (badness 10000) in paragraph at lines 65--67
[][]
 []

LaTeX Font Info:    Font shape `OT1/phv/m/it' in size <20.74> not available
(Font)              Font shape `OT1/phv/m/sl' tried instead on input line 69.
<../gi2012_userstudy/images/lab.pdf, id=5, 390.45876pt x 234.8775pt>
File: ../gi2012_userstudy/images/lab.pdf Graphic file (type pdf)

<use ../gi2012_userstudy/images/lab.pdf>
<../gi2012_userstudy/images/photos/camera_angle_2_lights_off.jpg, id=6, 313.17p
t x 240.9pt>
File: ../gi2012_userstudy/images/photos/camera_angle_2_lights_off.jpg Graphic f
ile (type jpg)

<use ../gi2012_userstudy/images/photos/camera_angle_2_lights_off.jpg>
<../gi2012_userstudy/images/photos/camera_angle_3_lights_off.jpg, id=7, 313.17p
t x 240.9pt>
File: ../gi2012_userstudy/images/photos/camera_angle_3_lights_off.jpg Graphic f
ile (type jpg)

<use ../gi2012_userstudy/images/photos/camera_angle_3_lights_off.jpg>
LaTeX Font Info:    Font shape `OT1/phv/bx/n' in size <20.74> not available
(Font)              Font shape `OT1/phv/b/n' tried instead on input line 86.
LaTeX Font Info:    Font shape `OT1/phv/bx/n' in size <29.86> not available
(Font)              Font shape `OT1/phv/b/n' tried instead on input line 103.
LaTeX Font Info:    Try loading font information for OMS+phv on input line 135.


(/usr/share/texmf/tex/latex/psnfss/omsphv.fd
File: omsphv.fd 
)
LaTeX Font Info:    Font shape `OMS/phv/m/n' in size <20.74> not available
(Font)              Font shape `OMS/cmsy/m/n' tried instead on input line 135.

<../gi2012_userstudy/images/sketches/all_together.png, id=8, 560.3334pt x 260.8
947pt>
File: ../gi2012_userstudy/images/sketches/all_together.png Graphic file (type p
ng)
 <use ../gi2012_userstudy/images/sketches/all_together.png>
<../gi2012_userstudy/images/photos/63_original.jpg, id=9, 240.9pt x 240.9pt>
File: ../gi2012_userstudy/images/photos/63_original.jpg Graphic file (type jpg)


<use ../gi2012_userstudy/images/photos/63_original.jpg>
<../gi2012_userstudy/images/section2/0_2D_walls_rotate.png, id=10, 1606.0pt x 1
606.0pt>
File: ../gi2012_userstudy/images/section2/0_2D_walls_rotate.png Graphic file (t
ype png)
 <use ../gi2012_userstudy/images/section2/0_2D_walls_rotate.png>
<../gi2012_userstudy/images/section2/2_2D_walls_rotate.png, id=11, 1606.0pt x 1
606.0pt>
File: ../gi2012_userstudy/images/section2/2_2D_walls_rotate.png Graphic file (t
ype png)
 <use ../gi2012_userstudy/images/section2/2_2D_walls_rotate.png>
<../gi2012_userstudy/images/section2/6_2D_walls_rotate.png, id=12, 1606.0pt x 1
606.0pt>
File: ../gi2012_userstudy/images/section2/6_2D_walls_rotate.png Graphic file (t
ype png)
 <use ../gi2012_userstudy/images/section2/6_2D_walls_rotate.png>
<../gi2012_userstudy/images/section2/7_2D_walls_rotate.png, id=13, 1606.0pt x 1
606.0pt>
File: ../gi2012_userstudy/images/section2/7_2D_walls_rotate.png Graphic file (t
ype png)
 <use ../gi2012_userstudy/images/section2/7_2D_walls_rotate.png>
<../gi2012_userstudy/images/section2/8_2D_walls_rotate.png, id=14, 1606.0pt x 1
606.0pt>
File: ../gi2012_userstudy/images/section2/8_2D_walls_rotate.png Graphic file (t
ype png)
 <use ../gi2012_userstudy/images/section2/8_2D_walls_rotate.png>
<../gi2012_userstudy/images/section2/3_2D_walls_rotate.png, id=15, 1606.0pt x 1
606.0pt>
File: ../gi2012_userstudy/images/section2/3_2D_walls_rotate.png Graphic file (t
ype png)
 <use ../gi2012_userstudy/images/section2/3_2D_walls_rotate.png>
<../gi2012_userstudy/images/section2/5_2D_walls_rotate.png, id=16, 1606.0pt x 1
606.0pt>
File: ../gi2012_userstudy/images/section2/5_2D_walls_rotate.png Graphic file (t
ype png)
 <use ../gi2012_userstudy/images/section2/5_2D_walls_rotate.png>
<../gi2012_userstudy/images/section2/9_2D_walls_rotate.png, id=17, 1606.0pt x 1
606.0pt>
File: ../gi2012_userstudy/images/section2/9_2D_walls_rotate.png Graphic file (t
ype png)
 <use ../gi2012_userstudy/images/section2/9_2D_walls_rotate.png>
<../gi2012_userstudy/images/section2/10_2D_walls_rotate.png, id=18, 1606.0pt x 
1606.0pt>
File: ../gi2012_userstudy/images/section2/10_2D_walls_rotate.png Graphic file (
type png)
 <use ../gi2012_userstudy/images/section2/10_2D_walls_rotate.png>
Underfull \hbox (badness 10000) in paragraph at lines 247--254

 []


<../gi2012_userstudy/images/photos/38_renovation.jpg, id=19, 240.9pt x 240.9pt>
File: ../gi2012_userstudy/images/photos/38_renovation.jpg Graphic file (type jp
g)
<use ../gi2012_userstudy/images/photos/38_renovation.jpg>
<../gi2012_userstudy/images/photos/42_renovation.jpg, id=20, 240.9pt x 240.9pt>
File: ../gi2012_userstudy/images/photos/42_renovation.jpg Graphic file (type jp
g)
<use ../gi2012_userstudy/images/photos/42_renovation.jpg>
<../gi2012_userstudy/images/section3/0_2D_walls_rotate_edit.png, id=21, 803.0pt
 x 803.0pt>
File: ../gi2012_userstudy/images/section3/0_2D_walls_rotate_edit.png Graphic fi
le (type png)

<use ../gi2012_userstudy/images/section3/0_2D_walls_rotate_edit.png>
<../gi2012_userstudy/images/section3/6_2D_walls_rotate.png, id=22, 803.0pt x 80
3.0pt>
File: ../gi2012_userstudy/images/section3/6_2D_walls_rotate.png Graphic file (t
ype png)
 <use ../gi2012_userstudy/images/section3/6_2D_walls_rotate.png>
<../gi2012_userstudy/images/section3/7_2D_walls_rotate.png, id=23, 803.0pt x 80
3.0pt>
File: ../gi2012_userstudy/images/section3/7_2D_walls_rotate.png Graphic file (t
ype png)
 <use ../gi2012_userstudy/images/section3/7_2D_walls_rotate.png>
<../gi2012_userstudy/images/section3/8_2D_walls_rotate.png, id=24, 803.0pt x 80
3.0pt>
File: ../gi2012_userstudy/images/section3/8_2D_walls_rotate.png Graphic file (t
ype png)
 <use ../gi2012_userstudy/images/section3/8_2D_walls_rotate.png>
<../gi2012_userstudy/images/section3/2_2D_walls_rotate.png, id=25, 803.0pt x 80
3.0pt>
File: ../gi2012_userstudy/images/section3/2_2D_walls_rotate.png Graphic file (t
ype png)
 <use ../gi2012_userstudy/images/section3/2_2D_walls_rotate.png>
<../gi2012_userstudy/images/section3/3_2D_walls_rotate.png, id=26, 803.0pt x 80
3.0pt>
File: ../gi2012_userstudy/images/section3/3_2D_walls_rotate.png Graphic file (t
ype png)
 <use ../gi2012_userstudy/images/section3/3_2D_walls_rotate.png>
<../gi2012_userstudy/images/section3/4_2D_walls_rotate.png, id=27, 803.0pt x 80
3.0pt>
File: ../gi2012_userstudy/images/section3/4_2D_walls_rotate.png Graphic file (t
ype png)
 <use ../gi2012_userstudy/images/section3/4_2D_walls_rotate.png>
<../gi2012_userstudy/images/section3/9_2D_walls_rotate.png, id=28, 803.0pt x 80
3.0pt>
File: ../gi2012_userstudy/images/section3/9_2D_walls_rotate.png Graphic file (t
ype png)
 <use ../gi2012_userstudy/images/section3/9_2D_walls_rotate.png>
Underfull \hbox (badness 10000) in paragraph at lines 285--292

 []

(./poster.bbl
LaTeX Font Info:    Font shape `OT1/phv/bx/n' in size <17.28> not available
(Font)              Font shape `OT1/phv/b/n' tried instead on input line 1.
LaTeX Font Info:    Font shape `OT1/phv/m/it' in size <17.28> not available
(Font)              Font shape `OT1/phv/m/sl' tried instead on input line 6.
)
<../gi2012_userstudy/images/renderings/ground_truth/mrc331_camera_chris_march.p
ng, id=29, 803.0pt x 803.0pt>
File: ../gi2012_userstudy/images/renderings/ground_truth/mrc331_camera_chris_ma
rch.png Graphic file (type png)

<use ../gi2012_userstudy/images/renderings/ground_truth/mrc331_camera_chris_mar
ch.png>
<../gi2012_userstudy/images/renderings/renovations/065_camera_chris_march.png, 
id=30, 803.0pt x 803.0pt>
File: ../gi2012_userstudy/images/renderings/renovations/065_camera_chris_march.
png Graphic file (type png)

<use ../gi2012_userstudy/images/renderings/renovations/065_camera_chris_march.p
ng>
<../gi2012_userstudy/images/renderings/renovations/038_camera_chris_march.png, 
id=31, 803.0pt x 803.0pt>
File: ../gi2012_userstudy/images/renderings/renovations/038_camera_chris_march.
png Graphic file (type png)

<use ../gi2012_userstudy/images/renderings/renovations/038_camera_chris_march.p
ng>
<../gi2012_userstudy/images/renderings/renovations/042_camera_chris_march.png, 
id=32, 803.0pt x 803.0pt>
File: ../gi2012_userstudy/images/renderings/renovations/042_camera_chris_march.
png Graphic file (type png)

<use ../gi2012_userstudy/images/renderings/renovations/042_camera_chris_march.p
ng>
<../gi2012_userstudy/images/renderings/renovations/031_camera_chris_march.png, 
id=33, 803.0pt x 803.0pt>
File: ../gi2012_userstudy/images/renderings/renovations/031_camera_chris_march.
png Graphic file (type png)

<use ../gi2012_userstudy/images/renderings/renovations/031_camera_chris_march.p
ng>
<../gi2012_userstudy/images/renderings/renovations/014_camera_chris_march.png, 
id=34, 803.0pt x 803.0pt>
File: ../gi2012_userstudy/images/renderings/renovations/014_camera_chris_march.
png Graphic file (type png)

<use ../gi2012_userstudy/images/renderings/renovations/014_camera_chris_march.p
ng>
<../gi2012_userstudy/images/renderings/ground_truth/mrc331_camera_dark_march_cr
op.png, id=35, 803.0pt x 552.0625pt>
File: ../gi2012_userstudy/images/renderings/ground_truth/mrc331_camera_dark_mar
ch_crop.png Graphic file (type png)

<use ../gi2012_userstudy/images/renderings/ground_truth/mrc331_camera_dark_marc
h_crop.png>
<../gi2012_userstudy/images/renderings/renovations/065_camera_dark_march_crop.p
ng, id=36, 803.0pt x 552.0625pt>
File: ../gi2012_userstudy/images/renderings/renovations/065_camera_dark_march_c
rop.png Graphic file (type png)

<use ../gi2012_userstudy/images/renderings/renovations/065_camera_dark_march_cr
op.png>
<../gi2012_userstudy/images/renderings/renovations/038_camera_dark_march_crop.p
ng, id=37, 803.0pt x 552.0625pt>
File: ../gi2012_userstudy/images/renderings/renovations/038_camera_dark_march_c
rop.png Graphic file (type png)

<use ../gi2012_userstudy/images/renderings/renovations/038_camera_dark_march_cr
op.png>
<../gi2012_userstudy/images/renderings/renovations/042_camera_dark_march_crop.p
ng, id=38, 803.0pt x 552.0625pt>
File: ../gi2012_userstudy/images/renderings/renovations/042_camera_dark_march_c
rop.png Graphic file (type png)

<use ../gi2012_userstudy/images/renderings/renovations/042_camera_dark_march_cr
op.png>
<../gi2012_userstudy/images/renderings/renovations/031_camera_dark_march_crop.p
ng, id=39, 803.0pt x 552.0625pt>
File: ../gi2012_userstudy/images/renderings/renovations/031_camera_dark_march_c
rop.png Graphic file (type png)

<use ../gi2012_userstudy/images/renderings/renovations/031_camera_dark_march_cr
op.png>
<../gi2012_userstudy/images/renderings/renovations/014_camera_dark_march_crop.p
ng, id=40, 803.0pt x 552.0625pt>
File: ../gi2012_userstudy/images/renderings/renovations/014_camera_dark_march_c
rop.png Graphic file (type png)

<use ../gi2012_userstudy/images/renderings/renovations/014_camera_dark_march_cr
op.png>
Overfull \hbox (4.60341pt too wide) in paragraph at lines 307--325
[][] 
 []


<../gi2012_userstudy/images/renderings/renovations/063_camera_chris_march_crop.
png, id=41, 803.0pt x 803.0pt>
File: ../gi2012_userstudy/images/renderings/renovations/063_camera_chris_march_
crop.png Graphic file (type png)

<use ../gi2012_userstudy/images/renderings/renovations/063_camera_chris_march_c
rop.png>
<../gi2012_userstudy/images/renderings/renovations/050_camera_chris_march.png, 
id=42, 803.0pt x 803.0pt>
File: ../gi2012_userstudy/images/renderings/renovations/050_camera_chris_march.
png Graphic file (type png)

<use ../gi2012_userstudy/images/renderings/renovations/050_camera_chris_march.p
ng>
<../gi2012_userstudy/images/renderings/no_renovations/070_camera_chris_march.pn
g, id=43, 803.0pt x 803.0pt>
File: ../gi2012_userstudy/images/renderings/no_renovations/070_camera_chris_mar
ch.png Graphic file (type png)

<use ../gi2012_userstudy/images/renderings/no_renovations/070_camera_chris_marc
h.png>
<../gi2012_userstudy/images/renderings/renovations/098_camera_chris_march.png, 
id=44, 803.0pt x 803.0pt>
File: ../gi2012_userstudy/images/renderings/renovations/098_camera_chris_march.
png Graphic file (type png)

<use ../gi2012_userstudy/images/renderings/renovations/098_camera_chris_march.p
ng>
<../gi2012_userstudy/images/renderings/no_renovations/user_085_camera_chris_mar
ch.png, id=45, 803.0pt x 803.0pt>
File: ../gi2012_userstudy/images/renderings/no_renovations/user_085_camera_chri
s_march.png Graphic file (type png)

<use ../gi2012_userstudy/images/renderings/no_renovations/user_085_camera_chris
_march.png>
<../gi2012_userstudy/images/renderings/renovations/user_046_camera_chris_march.
png, id=46, 803.0pt x 803.0pt>
File: ../gi2012_userstudy/images/renderings/renovations/user_046_camera_chris_m
arch.png Graphic file (type png)

<use ../gi2012_userstudy/images/renderings/renovations/user_046_camera_chris_ma
rch.png>
<../gi2012_userstudy/images/renderings/renovations/063_camera_dark_march_crop.p
ng, id=47, 803.0pt x 552.0625pt>
File: ../gi2012_userstudy/images/renderings/renovations/063_camera_dark_march_c
rop.png Graphic file (type png)

<use ../gi2012_userstudy/images/renderings/renovations/063_camera_dark_march_cr
op.png>
<../gi2012_userstudy/images/renderings/renovations/050_camera_dark_march_crop.p
ng, id=48, 803.0pt x 552.0625pt>
File: ../gi2012_userstudy/images/renderings/renovations/050_camera_dark_march_c
rop.png Graphic file (type png)

<use ../gi2012_userstudy/images/renderings/renovations/050_camera_dark_march_cr
op.png>
<../gi2012_userstudy/images/renderings/no_renovations/070_camera_dark_march_cro
p.png, id=49, 803.0pt x 552.0625pt>
File: ../gi2012_userstudy/images/renderings/no_renovations/070_camera_dark_marc
h_crop.png Graphic file (type png)

<use ../gi2012_userstudy/images/renderings/no_renovations/070_camera_dark_march
_crop.png>
<../gi2012_userstudy/images/renderings/renovations/098_camera_dark_march_crop.p
ng, id=50, 803.0pt x 552.0625pt>
File: ../gi2012_userstudy/images/renderings/renovations/098_camera_dark_march_c
rop.png Graphic file (type png)

<use ../gi2012_userstudy/images/renderings/renovations/098_camera_dark_march_cr
op.png>
<../gi2012_userstudy/images/renderings/no_renovations/user_085_camera_dark_marc
h_crop.png, id=51, 803.0pt x 552.0625pt>
File: ../gi2012_userstudy/images/renderings/no_renovations/user_085_camera_dark
_march_crop.png Graphic file (type png)

<use ../gi2012_userstudy/images/renderings/no_renovations/user_085_camera_dark_
march_crop.png>
<../gi2012_userstudy/images/renderings/renovations/user_046_camera_dark_march_c
rop.png, id=52, 803.0pt x 552.0625pt>
File: ../gi2012_userstudy/images/renderings/renovations/user_046_camera_dark_ma
rch_crop.png Graphic file (type png)

<use ../gi2012_userstudy/images/renderings/renovations/user_046_camera_dark_mar
ch_crop.png>
Overfull \hbox (4.60341pt too wide) in paragraph at lines 329--356
[] 
 []


Underfull \hbox (badness 10000) in paragraph at lines 329--356

 []

File: ../gi2012_userstudy/images/renderings/renovations/065_camera_chris_march.
png Graphic file (type png)

<use ../gi2012_userstudy/images/renderings/renovations/065_camera_chris_march.p
ng>
<../gi2012_userstudy/images/renderings/renovations/065_camera_chris_march_mod.p
ng, id=53, 803.0pt x 803.0pt>
File: ../gi2012_userstudy/images/renderings/renovations/065_camera_chris_march_
mod.png Graphic file (type png)

<use ../gi2012_userstudy/images/renderings/renovations/065_camera_chris_march_m
od.png>
File: ../gi2012_userstudy/images/renderings/renovations/user_046_camera_chris_m
arch.png Graphic file (type png)

<use ../gi2012_userstudy/images/renderings/renovations/user_046_camera_chris_ma
rch.png>
<../gi2012_userstudy/images/renderings/renovations/user_046_camera_chris_march_
mod.png, id=54, 803.0pt x 803.0pt>
File: ../gi2012_userstudy/images/renderings/renovations/user_046_camera_chris_m
arch_mod.png Graphic file (type png)

<use ../gi2012_userstudy/images/renderings/renovations/user_046_camera_chris_ma
rch_mod.png>
<../gi2012_userstudy/images/renderings/renovations/042_camera_chris_december.pn
g, id=55, 803.0pt x 803.0pt>
File: ../gi2012_userstudy/images/renderings/renovations/042_camera_chris_decemb
er.png Graphic file (type png)

<use ../gi2012_userstudy/images/renderings/renovations/042_camera_chris_decembe
r.png>
<../gi2012_userstudy/images/renderings/renovations/042_camera_chris_december_mo
d.png, id=56, 803.0pt x 803.0pt>
File: ../gi2012_userstudy/images/renderings/renovations/042_camera_chris_decemb
er_mod.png Graphic file (type png)

<use ../gi2012_userstudy/images/renderings/renovations/042_camera_chris_decembe
r_mod.png>
File: ../gi2012_userstudy/images/renderings/renovations/065_camera_dark_march_c
rop.png Graphic file (type png)

<use ../gi2012_userstudy/images/renderings/renovations/065_camera_dark_march_cr
op.png>
<../gi2012_userstudy/images/renderings/renovations/065_camera_dark_march_mod_cr
op.png, id=57, 803.0pt x 552.0625pt>
File: ../gi2012_userstudy/images/renderings/renovations/065_camera_dark_march_m
od_crop.png Graphic file (type png)

<use ../gi2012_userstudy/images/renderings/renovations/065_camera_dark_march_mo
d_crop.png>
File: ../gi2012_userstudy/images/renderings/renovations/user_046_camera_dark_ma
rch_crop.png Graphic file (type png)

<use ../gi2012_userstudy/images/renderings/renovations/user_046_camera_dark_mar
ch_crop.png>
<../gi2012_userstudy/images/renderings/renovations/user_046_camera_dark_march_m
od_crop.png, id=58, 803.0pt x 552.0625pt>
File: ../gi2012_userstudy/images/renderings/renovations/user_046_camera_dark_ma
rch_mod_crop.png Graphic file (type png)

<use ../gi2012_userstudy/images/renderings/renovations/user_046_camera_dark_mar
ch_mod_crop.png>
<../gi2012_userstudy/images/renderings/renovations/042_camera_dark_december_cro
p.png, id=59, 803.0pt x 552.0625pt>
File: ../gi2012_userstudy/images/renderings/renovations/042_camera_dark_decembe
r_crop.png Graphic file (type png)

<use ../gi2012_userstudy/images/renderings/renovations/042_camera_dark_december
_crop.png>
<../gi2012_userstudy/images/renderings/renovations/042_camera_dark_december_mod
_crop.png, id=60, 803.0pt x 552.0625pt>
File: ../gi2012_userstudy/images/renderings/renovations/042_camera_dark_decembe
r_mod_crop.png Graphic file (type png)

<use ../gi2012_userstudy/images/renderings/renovations/042_camera_dark_december
_mod_crop.png>
Underfull \hbox (badness 10000) in paragraph at lines 368--438

 []


Overfull \hbox (4.60341pt too wide) in paragraph at lines 368--438
[] 
 []

[1

{/usr/share/texmf/fonts/map/pdftex/updmap/pdftex.map} <../gi2012_userstudy/imag
es/photos/josh_jonathan_new_contraption.jpg> <../gi2012_userstudy/images/photos
/available_wall_pieces.jpg> <../gi2012_userstudy/images/photos/sample_model.png
 (PNG copy)> <../gi2012_userstudy/images/photos/sample_rendering.png (PNG copy)
> <../gi2012_userstudy/images/lab.pdf> <../gi2012_userstudy/images/photos/camer
a_angle_2_lights_off.jpg> <../gi2012_userstudy/images/photos/camera_angle_3_lig
hts_off.jpg> <../gi2012_userstudy/images/sketches/all_together.png (PNG copy)> 
<../gi2012_userstudy/images/photos/63_original.jpg> <../gi2012_userstudy/images
/section2/0_2D_walls_rotate.png (PNG copy)> <../gi2012_userstudy/images/section
2/2_2D_walls_rotate.png (PNG copy)> <../gi2012_userstudy/images/section2/6_2D_w
alls_rotate.png (PNG copy)> <../gi2012_userstudy/images/section2/7_2D_walls_rot
ate.png (PNG copy)> <../gi2012_userstudy/images/section2/8_2D_walls_rotate.png 
(PNG copy)> <../gi2012_userstudy/images/section2/3_2D_walls_rotate.png (PNG cop
y)> <../gi2012_userstudy/images/section2/5_2D_walls_rotate.png (PNG copy)> <../
gi2012_userstudy/images/section2/9_2D_walls_rotate.png (PNG copy)> <../gi2012_u
serstudy/images/section2/10_2D_walls_rotate.png (PNG copy)> <../gi2012_userstud
y/images/photos/38_renovation.jpg> <../gi2012_userstudy/images/photos/42_renova
tion.jpg> <../gi2012_userstudy/images/section3/0_2D_walls_rotate_edit.png (PNG 
copy)> <../gi2012_userstudy/images/section3/6_2D_walls_rotate.png (PNG copy)> <
../gi2012_userstudy/images/section3/7_2D_walls_rotate.png (PNG copy)> <../gi201
2_userstudy/images/section3/8_2D_walls_rotate.png (PNG copy)> <../gi2012_userst
udy/images/section3/2_2D_walls_rotate.png (PNG copy)> <../gi2012_userstudy/imag
es/section3/3_2D_walls_rotate.png (PNG copy)> <../gi2012_userstudy/images/secti
on3/4_2D_walls_rotate.png (PNG copy)> <../gi2012_userstudy/images/section3/9_2D
_walls_rotate.png (PNG copy)> <../gi2012_userstudy/images/renderings/ground_tru
th/mrc331_camera_chris_march.png (PNG copy)> <../gi2012_userstudy/images/render
ings/renovations/065_camera_chris_march.png (PNG copy)> <../gi2012_userstudy/im
ages/renderings/renovations/038_camera_chris_march.png (PNG copy)> <../gi2012_u
serstudy/images/renderings/renovations/042_camera_chris_march.png (PNG copy)> <
../gi2012_userstudy/images/renderings/renovations/031_camera_chris_march.png (P
NG copy)> <../gi2012_userstudy/images/renderings/renovations/014_camera_chris_m
arch.png (PNG copy)> <../gi2012_userstudy/images/renderings/ground_truth/mrc331
_camera_dark_march_crop.png (PNG copy)> <../gi2012_userstudy/images/renderings/
renovations/065_camera_dark_march_crop.png (PNG copy)> <../gi2012_userstudy/ima
ges/renderings/renovations/038_camera_dark_march_crop.png (PNG copy)> <../gi201
2_userstudy/images/renderings/renovations/042_camera_dark_march_crop.png (PNG c
opy)> <../gi2012_userstudy/images/renderings/renovations/031_camera_dark_march_
crop.png (PNG copy)> <../gi2012_userstudy/images/renderings/renovations/014_cam
era_dark_march_crop.png (PNG copy)> <../gi2012_userstudy/images/renderings/reno
vations/063_camera_chris_march_crop.png (PNG copy)> <../gi2012_userstudy/images
/renderings/renovations/050_camera_chris_march.png (PNG copy)> <../gi2012_users
tudy/images/renderings/no_renovations/070_camera_chris_march.png (PNG copy)> <.
./gi2012_userstudy/images/renderings/renovations/098_camera_chris_march.png (PN
G copy)> <../gi2012_userstudy/images/renderings/no_renovations/user_085_camera_
chris_march.png (PNG copy)> <../gi2012_userstudy/images/renderings/renovations/
user_046_camera_chris_march.png (PNG copy)> <../gi2012_userstudy/images/renderi
ngs/renovations/063_camera_dark_march_crop.png (PNG copy)> <../gi2012_userstudy
/images/renderings/renovations/050_camera_dark_march_crop.png (PNG copy)> <../g
i2012_userstudy/images/renderings/no_renovations/070_camera_dark_march_crop.png
 (PNG copy)> <../gi2012_userstudy/images/renderings/renovations/098_camera_dark
_march_crop.png (PNG copy)> <../gi2012_userstudy/images/renderings/no_renovatio
ns/user_085_camera_dark_march_crop.png (PNG copy)> <../gi2012_userstudy/images/
renderings/renovations/user_046_camera_dark_march_crop.png (PNG copy)> <../gi20
12_userstudy/images/renderings/renovations/065_camera_chris_march_mod.png (PNG 
copy)> <../gi2012_userstudy/images/renderings/renovations/user_046_camera_chris
_march_mod.png (PNG copy)> <../gi2012_userstudy/images/renderings/renovations/0
42_camera_chris_december.png (PNG copy)> <../gi2012_userstudy/images/renderings
/renovations/042_camera_chris_december_mod.png (PNG copy)> <../gi2012_userstudy
/images/renderings/renovations/065_camera_dark_march_mod_crop.png (PNG copy)> <
../gi2012_userstudy/images/renderings/renovations/user_046_camera_dark_march_mo
d_crop.png (PNG copy)> <../gi2012_userstudy/images/renderings/renovations/042_c
amera_dark_december_crop.png (PNG copy)> <../gi2012_userstudy/images/renderings
/renovations/042_camera_dark_december_mod_crop.png (PNG copy)>] (./poster.aux) 
) 
Here is how much of TeX's memory you used:
 2588 strings out of 256216
 50161 string characters out of 1917071
 95245 words of memory out of 1500000
 5756 multiletter control sequences out of 10000+200000
 30094 words of font info for 66 fonts, out of 1200000 for 2000
 645 hyphenation exceptions out of 8191
 30i,12n,24p,260b,369s stack positions out of 5000i,500n,6000p,200000b,15000s
{/usr/share/texmf/fonts/enc/dvips/base/8r.enc}</usr/share/texmf/fonts/type1/bl
uesky/cm/cmsy10.pfb></usr/share/texmf/fonts/type1/urw/courier/ucrr8a.pfb></usr/
share/texmf/fonts/type1/urw/helvetic/uhvb8a.pfb></usr/share/texmf/fonts/type1/u
rw/helvetic/uhvr8a.pfb></usr/share/texmf/fonts/type1/urw/helvetic/uhvro8a.pfb>
Output written on poster.pdf (1 page, 7168202 bytes).
PDF statistics:
 99 PDF objects out of 1000 (max. 8388607)
 0 named destinations out of 1000 (max. 131072)
 301 words of extra memory for PDF output out of 10000 (max. 10000000)

