.\Release\SampleViewer.bsc
C:\USERS\GRFX\DOCUMENTS\CHECKOUT_GRFX\DYNAMIC_PROJECTION\SOURCE\APPLICATIONS\HUMAN_PAINTBRUSH\GIGESDK\BIN-PC\SAMPLEVIEWER.EXE
C:\USERS\GRFX\DOCUMENTS\CHECKOUT_GRFX\DYNAMIC_PROJECTION\SOURCE\APPLICATIONS\HUMAN_PAINTBRUSH\GIGESDK\BIN-PC\SAMPLEVIEWER.ILK
C:\Users\grfx\Documents\checkout_grfx\dynamic_projection\source\applications\human_paintbrush\GigESDK\examples\SampleViewer\.\Release\SampleViewer.exe.intermediate.manifest
C:\USERS\GRFX\DOCUMENTS\CHECKOUT_GRFX\DYNAMIC_PROJECTION\SOURCE\APPLICATIONS\HUMAN_PAINTBRUSH\GIGESDK\EXAMPLES\SAMPLEVIEWER\RELEASE\ABOUTDLG.OBJ
C:\USERS\GRFX\DOCUMENTS\CHECKOUT_GRFX\DYNAMIC_PROJECTION\SOURCE\APPLICATIONS\HUMAN_PAINTBRUSH\GIGESDK\EXAMPLES\SAMPLEVIEWER\RELEASE\ABOUTDLG.SBR
C:\USERS\GRFX\DOCUMENTS\CHECKOUT_GRFX\DYNAMIC_PROJECTION\SOURCE\APPLICATIONS\HUMAN_PAINTBRUSH\GIGESDK\EXAMPLES\SAMPLEVIEWER\RELEASE\ATTRTREEVIEW.OBJ
C:\USERS\GRFX\DOCUMENTS\CHECKOUT_GRFX\DYNAMIC_PROJECTION\SOURCE\APPLICATIONS\HUMAN_PAINTBRUSH\GIGESDK\EXAMPLES\SAMPLEVIEWER\RELEASE\ATTRTREEVIEW.SBR
C:\Users\grfx\Documents\checkout_grfx\dynamic_projection\source\applications\human_paintbrush\GigESDK\examples\SampleViewer\Release\BscMake.command.1.tlog
C:\Users\grfx\Documents\checkout_grfx\dynamic_projection\source\applications\human_paintbrush\GigESDK\examples\SampleViewer\Release\bscmake.read.1.tlog
C:\Users\grfx\Documents\checkout_grfx\dynamic_projection\source\applications\human_paintbrush\GigESDK\examples\SampleViewer\Release\bscmake.write.1.tlog
C:\USERS\GRFX\DOCUMENTS\CHECKOUT_GRFX\DYNAMIC_PROJECTION\SOURCE\APPLICATIONS\HUMAN_PAINTBRUSH\GIGESDK\EXAMPLES\SAMPLEVIEWER\RELEASE\CHILDFRAME.OBJ
C:\USERS\GRFX\DOCUMENTS\CHECKOUT_GRFX\DYNAMIC_PROJECTION\SOURCE\APPLICATIONS\HUMAN_PAINTBRUSH\GIGESDK\EXAMPLES\SAMPLEVIEWER\RELEASE\CHILDFRAME.SBR
C:\Users\grfx\Documents\checkout_grfx\dynamic_projection\source\applications\human_paintbrush\GigESDK\examples\SampleViewer\Release\cl.command.1.tlog
C:\Users\grfx\Documents\checkout_grfx\dynamic_projection\source\applications\human_paintbrush\GigESDK\examples\SampleViewer\Release\CL.read.1.tlog
C:\Users\grfx\Documents\checkout_grfx\dynamic_projection\source\applications\human_paintbrush\GigESDK\examples\SampleViewer\Release\CL.write.1.tlog
C:\USERS\GRFX\DOCUMENTS\CHECKOUT_GRFX\DYNAMIC_PROJECTION\SOURCE\APPLICATIONS\HUMAN_PAINTBRUSH\GIGESDK\EXAMPLES\SAMPLEVIEWER\RELEASE\COLUMNTREECTRL.OBJ
C:\USERS\GRFX\DOCUMENTS\CHECKOUT_GRFX\DYNAMIC_PROJECTION\SOURCE\APPLICATIONS\HUMAN_PAINTBRUSH\GIGESDK\EXAMPLES\SAMPLEVIEWER\RELEASE\COLUMNTREECTRL.SBR
C:\USERS\GRFX\DOCUMENTS\CHECKOUT_GRFX\DYNAMIC_PROJECTION\SOURCE\APPLICATIONS\HUMAN_PAINTBRUSH\GIGESDK\EXAMPLES\SAMPLEVIEWER\RELEASE\COLUMNTREEVIEW.OBJ
C:\USERS\GRFX\DOCUMENTS\CHECKOUT_GRFX\DYNAMIC_PROJECTION\SOURCE\APPLICATIONS\HUMAN_PAINTBRUSH\GIGESDK\EXAMPLES\SAMPLEVIEWER\RELEASE\COLUMNTREEVIEW.SBR
C:\USERS\GRFX\DOCUMENTS\CHECKOUT_GRFX\DYNAMIC_PROJECTION\SOURCE\APPLICATIONS\HUMAN_PAINTBRUSH\GIGESDK\EXAMPLES\SAMPLEVIEWER\RELEASE\CONTAINERVIEW.OBJ
C:\USERS\GRFX\DOCUMENTS\CHECKOUT_GRFX\DYNAMIC_PROJECTION\SOURCE\APPLICATIONS\HUMAN_PAINTBRUSH\GIGESDK\EXAMPLES\SAMPLEVIEWER\RELEASE\CONTAINERVIEW.SBR
C:\USERS\GRFX\DOCUMENTS\CHECKOUT_GRFX\DYNAMIC_PROJECTION\SOURCE\APPLICATIONS\HUMAN_PAINTBRUSH\GIGESDK\EXAMPLES\SAMPLEVIEWER\RELEASE\CTRLFRAME.OBJ
C:\USERS\GRFX\DOCUMENTS\CHECKOUT_GRFX\DYNAMIC_PROJECTION\SOURCE\APPLICATIONS\HUMAN_PAINTBRUSH\GIGESDK\EXAMPLES\SAMPLEVIEWER\RELEASE\CTRLFRAME.SBR
C:\USERS\GRFX\DOCUMENTS\CHECKOUT_GRFX\DYNAMIC_PROJECTION\SOURCE\APPLICATIONS\HUMAN_PAINTBRUSH\GIGESDK\EXAMPLES\SAMPLEVIEWER\RELEASE\EVENTSFRAME.OBJ
C:\USERS\GRFX\DOCUMENTS\CHECKOUT_GRFX\DYNAMIC_PROJECTION\SOURCE\APPLICATIONS\HUMAN_PAINTBRUSH\GIGESDK\EXAMPLES\SAMPLEVIEWER\RELEASE\EVENTSFRAME.SBR
C:\USERS\GRFX\DOCUMENTS\CHECKOUT_GRFX\DYNAMIC_PROJECTION\SOURCE\APPLICATIONS\HUMAN_PAINTBRUSH\GIGESDK\EXAMPLES\SAMPLEVIEWER\RELEASE\FINDERFRAME.OBJ
C:\USERS\GRFX\DOCUMENTS\CHECKOUT_GRFX\DYNAMIC_PROJECTION\SOURCE\APPLICATIONS\HUMAN_PAINTBRUSH\GIGESDK\EXAMPLES\SAMPLEVIEWER\RELEASE\FINDERFRAME.SBR
C:\USERS\GRFX\DOCUMENTS\CHECKOUT_GRFX\DYNAMIC_PROJECTION\SOURCE\APPLICATIONS\HUMAN_PAINTBRUSH\GIGESDK\EXAMPLES\SAMPLEVIEWER\RELEASE\HISTFRAME.OBJ
C:\USERS\GRFX\DOCUMENTS\CHECKOUT_GRFX\DYNAMIC_PROJECTION\SOURCE\APPLICATIONS\HUMAN_PAINTBRUSH\GIGESDK\EXAMPLES\SAMPLEVIEWER\RELEASE\HISTFRAME.SBR
C:\USERS\GRFX\DOCUMENTS\CHECKOUT_GRFX\DYNAMIC_PROJECTION\SOURCE\APPLICATIONS\HUMAN_PAINTBRUSH\GIGESDK\EXAMPLES\SAMPLEVIEWER\RELEASE\IMAGEVIEW.OBJ
C:\USERS\GRFX\DOCUMENTS\CHECKOUT_GRFX\DYNAMIC_PROJECTION\SOURCE\APPLICATIONS\HUMAN_PAINTBRUSH\GIGESDK\EXAMPLES\SAMPLEVIEWER\RELEASE\IMAGEVIEW.SBR
C:\USERS\GRFX\DOCUMENTS\CHECKOUT_GRFX\DYNAMIC_PROJECTION\SOURCE\APPLICATIONS\HUMAN_PAINTBRUSH\GIGESDK\EXAMPLES\SAMPLEVIEWER\RELEASE\INFOFRAME.OBJ
C:\USERS\GRFX\DOCUMENTS\CHECKOUT_GRFX\DYNAMIC_PROJECTION\SOURCE\APPLICATIONS\HUMAN_PAINTBRUSH\GIGESDK\EXAMPLES\SAMPLEVIEWER\RELEASE\INFOFRAME.SBR
C:\USERS\GRFX\DOCUMENTS\CHECKOUT_GRFX\DYNAMIC_PROJECTION\SOURCE\APPLICATIONS\HUMAN_PAINTBRUSH\GIGESDK\EXAMPLES\SAMPLEVIEWER\RELEASE\IPINPUT.OBJ
C:\USERS\GRFX\DOCUMENTS\CHECKOUT_GRFX\DYNAMIC_PROJECTION\SOURCE\APPLICATIONS\HUMAN_PAINTBRUSH\GIGESDK\EXAMPLES\SAMPLEVIEWER\RELEASE\IPINPUT.SBR
C:\Users\grfx\Documents\checkout_grfx\dynamic_projection\source\applications\human_paintbrush\GigESDK\examples\SampleViewer\Release\link.command.1.tlog
C:\Users\grfx\Documents\checkout_grfx\dynamic_projection\source\applications\human_paintbrush\GigESDK\examples\SampleViewer\Release\link.read.1.tlog
C:\Users\grfx\Documents\checkout_grfx\dynamic_projection\source\applications\human_paintbrush\GigESDK\examples\SampleViewer\Release\link.write.1.tlog
C:\Users\grfx\Documents\checkout_grfx\dynamic_projection\source\applications\human_paintbrush\GigESDK\examples\SampleViewer\Release\link-cvtres.read.1.tlog
C:\Users\grfx\Documents\checkout_grfx\dynamic_projection\source\applications\human_paintbrush\GigESDK\examples\SampleViewer\Release\link-cvtres.write.1.tlog
C:\USERS\GRFX\DOCUMENTS\CHECKOUT_GRFX\DYNAMIC_PROJECTION\SOURCE\APPLICATIONS\HUMAN_PAINTBRUSH\GIGESDK\EXAMPLES\SAMPLEVIEWER\RELEASE\LISTFRAME.OBJ
C:\USERS\GRFX\DOCUMENTS\CHECKOUT_GRFX\DYNAMIC_PROJECTION\SOURCE\APPLICATIONS\HUMAN_PAINTBRUSH\GIGESDK\EXAMPLES\SAMPLEVIEWER\RELEASE\LISTFRAME.SBR
C:\USERS\GRFX\DOCUMENTS\CHECKOUT_GRFX\DYNAMIC_PROJECTION\SOURCE\APPLICATIONS\HUMAN_PAINTBRUSH\GIGESDK\EXAMPLES\SAMPLEVIEWER\RELEASE\MAINFRAME.OBJ
C:\USERS\GRFX\DOCUMENTS\CHECKOUT_GRFX\DYNAMIC_PROJECTION\SOURCE\APPLICATIONS\HUMAN_PAINTBRUSH\GIGESDK\EXAMPLES\SAMPLEVIEWER\RELEASE\MAINFRAME.SBR
C:\Users\grfx\Documents\checkout_grfx\dynamic_projection\source\applications\human_paintbrush\GigESDK\examples\SampleViewer\Release\mt.command.1.tlog
C:\Users\grfx\Documents\checkout_grfx\dynamic_projection\source\applications\human_paintbrush\GigESDK\examples\SampleViewer\Release\mt.read.1.tlog
C:\Users\grfx\Documents\checkout_grfx\dynamic_projection\source\applications\human_paintbrush\GigESDK\examples\SampleViewer\Release\mt.write.1.tlog
C:\Users\grfx\Documents\checkout_grfx\dynamic_projection\source\applications\human_paintbrush\GigESDK\examples\SampleViewer\Release\rc.command.1.tlog
C:\Users\grfx\Documents\checkout_grfx\dynamic_projection\source\applications\human_paintbrush\GigESDK\examples\SampleViewer\Release\rc.read.1.tlog
C:\Users\grfx\Documents\checkout_grfx\dynamic_projection\source\applications\human_paintbrush\GigESDK\examples\SampleViewer\Release\rc.write.1.tlog
C:\USERS\GRFX\DOCUMENTS\CHECKOUT_GRFX\DYNAMIC_PROJECTION\SOURCE\APPLICATIONS\HUMAN_PAINTBRUSH\GIGESDK\EXAMPLES\SAMPLEVIEWER\RELEASE\SAMPLEVIEWER.BSC
C:\USERS\GRFX\DOCUMENTS\CHECKOUT_GRFX\DYNAMIC_PROJECTION\SOURCE\APPLICATIONS\HUMAN_PAINTBRUSH\GIGESDK\EXAMPLES\SAMPLEVIEWER\RELEASE\SAMPLEVIEWER.EXE.EMBED.MANIFEST
C:\USERS\GRFX\DOCUMENTS\CHECKOUT_GRFX\DYNAMIC_PROJECTION\SOURCE\APPLICATIONS\HUMAN_PAINTBRUSH\GIGESDK\EXAMPLES\SAMPLEVIEWER\RELEASE\SAMPLEVIEWER.EXE.EMBED.MANIFEST.RES
C:\USERS\GRFX\DOCUMENTS\CHECKOUT_GRFX\DYNAMIC_PROJECTION\SOURCE\APPLICATIONS\HUMAN_PAINTBRUSH\GIGESDK\EXAMPLES\SAMPLEVIEWER\RELEASE\SAMPLEVIEWER.EXE.INTERMEDIATE.MANIFEST
C:\USERS\GRFX\DOCUMENTS\CHECKOUT_GRFX\DYNAMIC_PROJECTION\SOURCE\APPLICATIONS\HUMAN_PAINTBRUSH\GIGESDK\EXAMPLES\SAMPLEVIEWER\RELEASE\SAMPLEVIEWER.OBJ
C:\USERS\GRFX\DOCUMENTS\CHECKOUT_GRFX\DYNAMIC_PROJECTION\SOURCE\APPLICATIONS\HUMAN_PAINTBRUSH\GIGESDK\EXAMPLES\SAMPLEVIEWER\RELEASE\SAMPLEVIEWER.PCH
C:\USERS\GRFX\DOCUMENTS\CHECKOUT_GRFX\DYNAMIC_PROJECTION\SOURCE\APPLICATIONS\HUMAN_PAINTBRUSH\GIGESDK\EXAMPLES\SAMPLEVIEWER\RELEASE\SAMPLEVIEWER.RES
C:\USERS\GRFX\DOCUMENTS\CHECKOUT_GRFX\DYNAMIC_PROJECTION\SOURCE\APPLICATIONS\HUMAN_PAINTBRUSH\GIGESDK\EXAMPLES\SAMPLEVIEWER\RELEASE\SAMPLEVIEWER.SBR
C:\Users\grfx\Documents\checkout_grfx\dynamic_projection\source\applications\human_paintbrush\GigESDK\examples\SampleViewer\Release\SampleViewer_manifest.rc
C:\USERS\GRFX\DOCUMENTS\CHECKOUT_GRFX\DYNAMIC_PROJECTION\SOURCE\APPLICATIONS\HUMAN_PAINTBRUSH\GIGESDK\EXAMPLES\SAMPLEVIEWER\RELEASE\SAVENEXTDLG.OBJ
C:\USERS\GRFX\DOCUMENTS\CHECKOUT_GRFX\DYNAMIC_PROJECTION\SOURCE\APPLICATIONS\HUMAN_PAINTBRUSH\GIGESDK\EXAMPLES\SAMPLEVIEWER\RELEASE\SAVENEXTDLG.SBR
C:\USERS\GRFX\DOCUMENTS\CHECKOUT_GRFX\DYNAMIC_PROJECTION\SOURCE\APPLICATIONS\HUMAN_PAINTBRUSH\GIGESDK\EXAMPLES\SAMPLEVIEWER\RELEASE\SERIALFRAME.OBJ
C:\USERS\GRFX\DOCUMENTS\CHECKOUT_GRFX\DYNAMIC_PROJECTION\SOURCE\APPLICATIONS\HUMAN_PAINTBRUSH\GIGESDK\EXAMPLES\SAMPLEVIEWER\RELEASE\SERIALFRAME.SBR
C:\USERS\GRFX\DOCUMENTS\CHECKOUT_GRFX\DYNAMIC_PROJECTION\SOURCE\APPLICATIONS\HUMAN_PAINTBRUSH\GIGESDK\EXAMPLES\SAMPLEVIEWER\RELEASE\STDAFX.OBJ
C:\USERS\GRFX\DOCUMENTS\CHECKOUT_GRFX\DYNAMIC_PROJECTION\SOURCE\APPLICATIONS\HUMAN_PAINTBRUSH\GIGESDK\EXAMPLES\SAMPLEVIEWER\RELEASE\STDAFX.SBR
C:\USERS\GRFX\DOCUMENTS\CHECKOUT_GRFX\DYNAMIC_PROJECTION\SOURCE\APPLICATIONS\HUMAN_PAINTBRUSH\GIGESDK\EXAMPLES\SAMPLEVIEWER\RELEASE\VALUEVIEW.OBJ
C:\USERS\GRFX\DOCUMENTS\CHECKOUT_GRFX\DYNAMIC_PROJECTION\SOURCE\APPLICATIONS\HUMAN_PAINTBRUSH\GIGESDK\EXAMPLES\SAMPLEVIEWER\RELEASE\VALUEVIEW.SBR
C:\USERS\GRFX\DOCUMENTS\CHECKOUT_GRFX\DYNAMIC_PROJECTION\SOURCE\APPLICATIONS\HUMAN_PAINTBRUSH\GIGESDK\EXAMPLES\SAMPLEVIEWER\RELEASE\VC100.PDB
