Build started 5/3/2012 7:07:32 AM.
     1>Project "C:\Users\grfx\Documents\checkout_grfx\dynamic_projection\source\applications\human_paintbrush\GigESDK\examples\SampleViewer\SampleViewer.vcxproj" on node 2 (build target(s)).
     1>InitializeBuildStatus:
         Creating ".\Release\SampleViewer.unsuccessfulbuild" because "AlwaysCreate" was specified.
       ClCompile:
         All outputs are up-to-date.
         C:\Program Files (x86)\Microsoft Visual Studio 10.0\VC\bin\CL.exe /c /I"../../inc-pc" /Zi /nologo /W3 /WX- /O2 /Ob1 /Oy- /D NDEBUG /D WIN32 /D _WINDOWS /D _WIN32_WINNT=0x0500 /D _VC80_UPGRADE=0x0600 /D _MBCS /GF /Gm- /EHsc /MT /GS /Gy /fp:precise /Zc:wchar_t /Zc:forScope /Fo".\Release/" /Fd".\Release/vc100.pdb" /FR".\Release\\" /Gd /TP /analyze- /errorReport:prompt FinderFrame.cpp ImageView.cpp
         FinderFrame.cpp
     1>c:\users\grfx\documents\checkout_grfx\dynamic_projection\source\applications\human_paintbrush\gigesdk\examples\sampleviewer\TrackColor.h(84): warning C4018: '<' : signed/unsigned mismatch
     1>c:\users\grfx\documents\checkout_grfx\dynamic_projection\source\applications\human_paintbrush\gigesdk\examples\sampleviewer\TrackColor.h(102): warning C4018: '<' : signed/unsigned mismatch
     1>c:\users\grfx\documents\checkout_grfx\dynamic_projection\source\applications\human_paintbrush\gigesdk\examples\sampleviewer\TrackColor.h(103): warning C4018: '<' : signed/unsigned mismatch
     1>c:\users\grfx\documents\checkout_grfx\dynamic_projection\source\applications\human_paintbrush\gigesdk\examples\sampleviewer\TrackColor.h(121): warning C4018: '<' : signed/unsigned mismatch
     1>c:\users\grfx\documents\checkout_grfx\dynamic_projection\source\applications\human_paintbrush\gigesdk\examples\sampleviewer\TrackColor.h(122): warning C4018: '<' : signed/unsigned mismatch
     1>c:\users\grfx\documents\checkout_grfx\dynamic_projection\source\applications\human_paintbrush\gigesdk\examples\sampleviewer\TrackColor.h(154): warning C4018: '<' : signed/unsigned mismatch
     1>c:\users\grfx\documents\checkout_grfx\dynamic_projection\source\applications\human_paintbrush\gigesdk\examples\sampleviewer\TrackColor.h(155): warning C4018: '<' : signed/unsigned mismatch
     1>c:\users\grfx\documents\checkout_grfx\dynamic_projection\source\applications\human_paintbrush\gigesdk\examples\sampleviewer\TrackColor.h(157): warning C4018: '>' : signed/unsigned mismatch
     1>c:\users\grfx\documents\checkout_grfx\dynamic_projection\source\applications\human_paintbrush\gigesdk\examples\sampleviewer\TrackColor.h(157): warning C4018: '>' : signed/unsigned mismatch
     1>c:\users\grfx\documents\checkout_grfx\dynamic_projection\source\applications\human_paintbrush\gigesdk\examples\sampleviewer\TrackColor.h(255): warning C4018: '<' : signed/unsigned mismatch
     1>c:\users\grfx\documents\checkout_grfx\dynamic_projection\source\applications\human_paintbrush\gigesdk\examples\sampleviewer\TrackColor.h(256): warning C4018: '<' : signed/unsigned mismatch
     1>c:\users\grfx\documents\checkout_grfx\dynamic_projection\source\applications\human_paintbrush\gigesdk\examples\sampleviewer\TrackColor.h(264): warning C4244: '=' : conversion from 'double' to 'int', possible loss of data
     1>c:\users\grfx\documents\checkout_grfx\dynamic_projection\source\applications\human_paintbrush\gigesdk\examples\sampleviewer\TrackColor.h(265): warning C4244: '=' : conversion from 'double' to 'int', possible loss of data
     1>c:\users\grfx\documents\checkout_grfx\dynamic_projection\source\applications\human_paintbrush\gigesdk\examples\sampleviewer\TrackColor.h(266): warning C4244: '=' : conversion from 'double' to 'int', possible loss of data
     1>c:\users\grfx\documents\checkout_grfx\dynamic_projection\source\applications\human_paintbrush\gigesdk\examples\sampleviewer\TrackColor.h(283): warning C4018: '<' : signed/unsigned mismatch
     1>c:\users\grfx\documents\checkout_grfx\dynamic_projection\source\applications\human_paintbrush\gigesdk\examples\sampleviewer\TrackColor.h(284): warning C4018: '<' : signed/unsigned mismatch
     1>c:\users\grfx\documents\checkout_grfx\dynamic_projection\source\applications\human_paintbrush\gigesdk\examples\sampleviewer\TrackColor.h(299): warning C4018: '<' : signed/unsigned mismatch
     1>c:\users\grfx\documents\checkout_grfx\dynamic_projection\source\applications\human_paintbrush\gigesdk\examples\sampleviewer\TrackColor.h(300): warning C4018: '<' : signed/unsigned mismatch
     1>c:\users\grfx\documents\checkout_grfx\dynamic_projection\source\applications\human_paintbrush\gigesdk\examples\sampleviewer\TrackColor.h(302): warning C4244: '=' : conversion from 'double' to 'int', possible loss of data
     1>c:\users\grfx\documents\checkout_grfx\dynamic_projection\source\applications\human_paintbrush\gigesdk\examples\sampleviewer\TrackColor.h(304): warning C4244: '=' : conversion from 'double' to 'int', possible loss of data
     1>c:\users\grfx\documents\checkout_grfx\dynamic_projection\source\applications\human_paintbrush\gigesdk\examples\sampleviewer\TrackColor.h(281): warning C4101: 'b' : unreferenced local variable
     1>c:\users\grfx\documents\checkout_grfx\dynamic_projection\source\applications\human_paintbrush\gigesdk\examples\sampleviewer\TrackColor.h(281): warning C4101: 'g' : unreferenced local variable
     1>c:\users\grfx\documents\checkout_grfx\dynamic_projection\source\applications\human_paintbrush\gigesdk\examples\sampleviewer\TrackColor.h(281): warning C4101: 'r' : unreferenced local variable
     1>c:\users\grfx\documents\checkout_grfx\dynamic_projection\source\applications\human_paintbrush\gigesdk\examples\sampleviewer\TrackColor.h(324): warning C4018: '<' : signed/unsigned mismatch
     1>c:\users\grfx\documents\checkout_grfx\dynamic_projection\source\applications\human_paintbrush\gigesdk\examples\sampleviewer\TrackColor.h(325): warning C4018: '<' : signed/unsigned mismatch
     1>c:\users\grfx\documents\checkout_grfx\dynamic_projection\source\applications\human_paintbrush\gigesdk\examples\sampleviewer\TrackColor.h(343): warning C4018: '<' : signed/unsigned mismatch
     1>c:\users\grfx\documents\checkout_grfx\dynamic_projection\source\applications\human_paintbrush\gigesdk\examples\sampleviewer\TrackColor.h(344): warning C4018: '<' : signed/unsigned mismatch
     1>c:\users\grfx\documents\checkout_grfx\dynamic_projection\source\applications\human_paintbrush\gigesdk\examples\sampleviewer\TrackColor.h(346): warning C4244: '=' : conversion from 'double' to 'int', possible loss of data
     1>c:\users\grfx\documents\checkout_grfx\dynamic_projection\source\applications\human_paintbrush\gigesdk\examples\sampleviewer\TrackColor.h(348): warning C4244: '=' : conversion from 'double' to 'int', possible loss of data
     1>c:\users\grfx\documents\checkout_grfx\dynamic_projection\source\applications\human_paintbrush\gigesdk\examples\sampleviewer\TrackColor.h(320): warning C4101: 'gInt' : unreferenced local variable
     1>c:\users\grfx\documents\checkout_grfx\dynamic_projection\source\applications\human_paintbrush\gigesdk\examples\sampleviewer\TrackColor.h(321): warning C4101: 'b' : unreferenced local variable
     1>c:\users\grfx\documents\checkout_grfx\dynamic_projection\source\applications\human_paintbrush\gigesdk\examples\sampleviewer\TrackColor.h(321): warning C4101: 'g' : unreferenced local variable
     1>c:\users\grfx\documents\checkout_grfx\dynamic_projection\source\applications\human_paintbrush\gigesdk\examples\sampleviewer\TrackColor.h(321): warning C4101: 'r' : unreferenced local variable
     1>c:\users\grfx\documents\checkout_grfx\dynamic_projection\source\applications\human_paintbrush\gigesdk\examples\sampleviewer\TrackColor.h(363): warning C4018: '<' : signed/unsigned mismatch
     1>c:\users\grfx\documents\checkout_grfx\dynamic_projection\source\applications\human_paintbrush\gigesdk\examples\sampleviewer\TrackColor.h(364): warning C4018: '<' : signed/unsigned mismatch
     1>c:\users\grfx\documents\checkout_grfx\dynamic_projection\source\applications\human_paintbrush\gigesdk\examples\sampleviewer\TrackColor.h(394): warning C4018: '<' : signed/unsigned mismatch
     1>c:\users\grfx\documents\checkout_grfx\dynamic_projection\source\applications\human_paintbrush\gigesdk\examples\sampleviewer\TrackColor.h(396): warning C4018: '<' : signed/unsigned mismatch
     1>c:\users\grfx\documents\checkout_grfx\dynamic_projection\source\applications\human_paintbrush\gigesdk\examples\sampleviewer\TrackColor.h(424): warning C4018: '<' : signed/unsigned mismatch
     1>c:\users\grfx\documents\checkout_grfx\dynamic_projection\source\applications\human_paintbrush\gigesdk\examples\sampleviewer\TrackColor.h(428): warning C4018: '<' : signed/unsigned mismatch
         ImageView.cpp
     1>c:\users\grfx\documents\checkout_grfx\dynamic_projection\source\applications\human_paintbrush\gigesdk\examples\sampleviewer\TrackColor.h(84): warning C4018: '<' : signed/unsigned mismatch
     1>c:\users\grfx\documents\checkout_grfx\dynamic_projection\source\applications\human_paintbrush\gigesdk\examples\sampleviewer\TrackColor.h(102): warning C4018: '<' : signed/unsigned mismatch
     1>c:\users\grfx\documents\checkout_grfx\dynamic_projection\source\applications\human_paintbrush\gigesdk\examples\sampleviewer\TrackColor.h(103): warning C4018: '<' : signed/unsigned mismatch
     1>c:\users\grfx\documents\checkout_grfx\dynamic_projection\source\applications\human_paintbrush\gigesdk\examples\sampleviewer\TrackColor.h(121): warning C4018: '<' : signed/unsigned mismatch
     1>c:\users\grfx\documents\checkout_grfx\dynamic_projection\source\applications\human_paintbrush\gigesdk\examples\sampleviewer\TrackColor.h(122): warning C4018: '<' : signed/unsigned mismatch
     1>c:\users\grfx\documents\checkout_grfx\dynamic_projection\source\applications\human_paintbrush\gigesdk\examples\sampleviewer\TrackColor.h(154): warning C4018: '<' : signed/unsigned mismatch
     1>c:\users\grfx\documents\checkout_grfx\dynamic_projection\source\applications\human_paintbrush\gigesdk\examples\sampleviewer\TrackColor.h(155): warning C4018: '<' : signed/unsigned mismatch
     1>c:\users\grfx\documents\checkout_grfx\dynamic_projection\source\applications\human_paintbrush\gigesdk\examples\sampleviewer\TrackColor.h(157): warning C4018: '>' : signed/unsigned mismatch
     1>c:\users\grfx\documents\checkout_grfx\dynamic_projection\source\applications\human_paintbrush\gigesdk\examples\sampleviewer\TrackColor.h(157): warning C4018: '>' : signed/unsigned mismatch
     1>c:\users\grfx\documents\checkout_grfx\dynamic_projection\source\applications\human_paintbrush\gigesdk\examples\sampleviewer\TrackColor.h(255): warning C4018: '<' : signed/unsigned mismatch
     1>c:\users\grfx\documents\checkout_grfx\dynamic_projection\source\applications\human_paintbrush\gigesdk\examples\sampleviewer\TrackColor.h(256): warning C4018: '<' : signed/unsigned mismatch
     1>c:\users\grfx\documents\checkout_grfx\dynamic_projection\source\applications\human_paintbrush\gigesdk\examples\sampleviewer\TrackColor.h(264): warning C4244: '=' : conversion from 'double' to 'int', possible loss of data
     1>c:\users\grfx\documents\checkout_grfx\dynamic_projection\source\applications\human_paintbrush\gigesdk\examples\sampleviewer\TrackColor.h(265): warning C4244: '=' : conversion from 'double' to 'int', possible loss of data
     1>c:\users\grfx\documents\checkout_grfx\dynamic_projection\source\applications\human_paintbrush\gigesdk\examples\sampleviewer\TrackColor.h(266): warning C4244: '=' : conversion from 'double' to 'int', possible loss of data
     1>c:\users\grfx\documents\checkout_grfx\dynamic_projection\source\applications\human_paintbrush\gigesdk\examples\sampleviewer\TrackColor.h(283): warning C4018: '<' : signed/unsigned mismatch
     1>c:\users\grfx\documents\checkout_grfx\dynamic_projection\source\applications\human_paintbrush\gigesdk\examples\sampleviewer\TrackColor.h(284): warning C4018: '<' : signed/unsigned mismatch
     1>c:\users\grfx\documents\checkout_grfx\dynamic_projection\source\applications\human_paintbrush\gigesdk\examples\sampleviewer\TrackColor.h(299): warning C4018: '<' : signed/unsigned mismatch
     1>c:\users\grfx\documents\checkout_grfx\dynamic_projection\source\applications\human_paintbrush\gigesdk\examples\sampleviewer\TrackColor.h(300): warning C4018: '<' : signed/unsigned mismatch
     1>c:\users\grfx\documents\checkout_grfx\dynamic_projection\source\applications\human_paintbrush\gigesdk\examples\sampleviewer\TrackColor.h(302): warning C4244: '=' : conversion from 'double' to 'int', possible loss of data
     1>c:\users\grfx\documents\checkout_grfx\dynamic_projection\source\applications\human_paintbrush\gigesdk\examples\sampleviewer\TrackColor.h(304): warning C4244: '=' : conversion from 'double' to 'int', possible loss of data
     1>c:\users\grfx\documents\checkout_grfx\dynamic_projection\source\applications\human_paintbrush\gigesdk\examples\sampleviewer\TrackColor.h(281): warning C4101: 'b' : unreferenced local variable
     1>c:\users\grfx\documents\checkout_grfx\dynamic_projection\source\applications\human_paintbrush\gigesdk\examples\sampleviewer\TrackColor.h(281): warning C4101: 'g' : unreferenced local variable
     1>c:\users\grfx\documents\checkout_grfx\dynamic_projection\source\applications\human_paintbrush\gigesdk\examples\sampleviewer\TrackColor.h(281): warning C4101: 'r' : unreferenced local variable
     1>c:\users\grfx\documents\checkout_grfx\dynamic_projection\source\applications\human_paintbrush\gigesdk\examples\sampleviewer\TrackColor.h(324): warning C4018: '<' : signed/unsigned mismatch
     1>c:\users\grfx\documents\checkout_grfx\dynamic_projection\source\applications\human_paintbrush\gigesdk\examples\sampleviewer\TrackColor.h(325): warning C4018: '<' : signed/unsigned mismatch
     1>c:\users\grfx\documents\checkout_grfx\dynamic_projection\source\applications\human_paintbrush\gigesdk\examples\sampleviewer\TrackColor.h(343): warning C4018: '<' : signed/unsigned mismatch
     1>c:\users\grfx\documents\checkout_grfx\dynamic_projection\source\applications\human_paintbrush\gigesdk\examples\sampleviewer\TrackColor.h(344): warning C4018: '<' : signed/unsigned mismatch
     1>c:\users\grfx\documents\checkout_grfx\dynamic_projection\source\applications\human_paintbrush\gigesdk\examples\sampleviewer\TrackColor.h(346): warning C4244: '=' : conversion from 'double' to 'int', possible loss of data
     1>c:\users\grfx\documents\checkout_grfx\dynamic_projection\source\applications\human_paintbrush\gigesdk\examples\sampleviewer\TrackColor.h(348): warning C4244: '=' : conversion from 'double' to 'int', possible loss of data
     1>c:\users\grfx\documents\checkout_grfx\dynamic_projection\source\applications\human_paintbrush\gigesdk\examples\sampleviewer\TrackColor.h(320): warning C4101: 'gInt' : unreferenced local variable
     1>c:\users\grfx\documents\checkout_grfx\dynamic_projection\source\applications\human_paintbrush\gigesdk\examples\sampleviewer\TrackColor.h(321): warning C4101: 'b' : unreferenced local variable
     1>c:\users\grfx\documents\checkout_grfx\dynamic_projection\source\applications\human_paintbrush\gigesdk\examples\sampleviewer\TrackColor.h(321): warning C4101: 'g' : unreferenced local variable
     1>c:\users\grfx\documents\checkout_grfx\dynamic_projection\source\applications\human_paintbrush\gigesdk\examples\sampleviewer\TrackColor.h(321): warning C4101: 'r' : unreferenced local variable
     1>c:\users\grfx\documents\checkout_grfx\dynamic_projection\source\applications\human_paintbrush\gigesdk\examples\sampleviewer\TrackColor.h(363): warning C4018: '<' : signed/unsigned mismatch
     1>c:\users\grfx\documents\checkout_grfx\dynamic_projection\source\applications\human_paintbrush\gigesdk\examples\sampleviewer\TrackColor.h(364): warning C4018: '<' : signed/unsigned mismatch
     1>c:\users\grfx\documents\checkout_grfx\dynamic_projection\source\applications\human_paintbrush\gigesdk\examples\sampleviewer\TrackColor.h(394): warning C4018: '<' : signed/unsigned mismatch
     1>c:\users\grfx\documents\checkout_grfx\dynamic_projection\source\applications\human_paintbrush\gigesdk\examples\sampleviewer\TrackColor.h(396): warning C4018: '<' : signed/unsigned mismatch
     1>c:\users\grfx\documents\checkout_grfx\dynamic_projection\source\applications\human_paintbrush\gigesdk\examples\sampleviewer\TrackColor.h(424): warning C4018: '<' : signed/unsigned mismatch
     1>c:\users\grfx\documents\checkout_grfx\dynamic_projection\source\applications\human_paintbrush\gigesdk\examples\sampleviewer\TrackColor.h(428): warning C4018: '<' : signed/unsigned mismatch
     1>ImageView.cpp(277): warning C4996: 'fopen': This function or variable may be unsafe. Consider using fopen_s instead. To disable deprecation, use _CRT_SECURE_NO_WARNINGS. See online help for details.
                 C:\Program Files (x86)\Microsoft Visual Studio 10.0\VC\include\stdio.h(234) : see declaration of 'fopen'
     1>ImageView.cpp(316): warning C4996: 'fopen': This function or variable may be unsafe. Consider using fopen_s instead. To disable deprecation, use _CRT_SECURE_NO_WARNINGS. See online help for details.
                 C:\Program Files (x86)\Microsoft Visual Studio 10.0\VC\include\stdio.h(234) : see declaration of 'fopen'
         Generating Code...
     1>c:\users\grfx\documents\checkout_grfx\dynamic_projection\source\applications\human_paintbrush\gigesdk\examples\sampleviewer\trackcolor.h(307): warning C4700: uninitialized local variable 'gInt' used
       ResourceCompile:
         All outputs are up-to-date.
       ManifestResourceCompile:
         All outputs are up-to-date.
     1>C:\Program Files (x86)\MSBuild\Microsoft.Cpp\v4.0\Microsoft.CppBuild.targets(990,5): warning MSB8012: TargetPath(C:\Users\grfx\Documents\checkout_grfx\dynamic_projection\source\applications\human_paintbrush\GigESDK\examples\SampleViewer\.\Release\SampleViewer.exe) does not match the Linker's OutputFile property value (C:\Users\grfx\Documents\checkout_grfx\dynamic_projection\source\applications\human_paintbrush\GigESDK\bin-pc\SampleViewer.exe). This may cause your project to build incorrectly. To correct this, please make sure that $(OutDir), $(TargetName) and $(TargetExt) property values match the value specified in %(Link.OutputFile).
       Link:
         C:\Program Files (x86)\Microsoft Visual Studio 10.0\VC\bin\link.exe /ERRORREPORT:PROMPT /OUT:"../../bin-pc/SampleViewer.exe" /INCREMENTAL /NOLOGO /LIBPATH:"../../lib-pc" pvapi.lib ImageLib.lib Ws2_32.lib /MANIFEST /ManifestFile:".\Release\SampleViewer.exe.intermediate.manifest" /MANIFESTUAC:"level='asInvoker' uiAccess='false'" /PDB:".\Release/SampleViewer.pdb" /SUBSYSTEM:WINDOWS /TLBID:1 /DYNAMICBASE /NXCOMPAT /IMPLIB:".\Release\SampleViewer.lib" /MACHINE:X86 .\Release\SampleViewer.res
         .\Release\SampleViewer.exe.embed.manifest.res
         .\Release/AboutDlg.obj
         .\Release/AttrTreeView.obj
         .\Release/ChildFrame.obj
         .\Release/ColumnTreeCtrl.obj
         .\Release/ColumnTreeView.obj
         .\Release/ContainerView.obj
         .\Release/CtrlFrame.obj
         .\Release/EventsFrame.obj
         .\Release/FinderFrame.obj
         .\Release/HistFrame.obj
         .\Release/ImageView.obj
         .\Release/InfoFrame.obj
         .\Release/IPInput.obj
         .\Release/ListFrame.obj
         .\Release/MainFrame.obj
         .\Release/SampleViewer.obj
         .\Release/SaveNextDlg.obj
         .\Release/SerialFrame.obj
         .\Release/StdAfx.obj
         .\Release/ValueView.obj
       Manifest:
         C:\Program Files (x86)\Microsoft SDKs\Windows\v7.0A\bin\mt.exe /nologo /verbose /out:".\Release\SampleViewer.exe.embed.manifest" /manifest .\Release\SampleViewer.exe.intermediate.manifest "C:\Program Files (x86)\Microsoft Visual Studio 10.0\VC\Include\Manifest\dpiaware.manifest"
         All outputs are up-to-date.
       LinkEmbedManifest:
         All outputs are up-to-date.
         SampleViewer.vcxproj -> C:\Users\grfx\Documents\checkout_grfx\dynamic_projection\source\applications\human_paintbrush\GigESDK\examples\SampleViewer\.\Release\SampleViewer.exe
       BscMake:
         C:\Program Files (x86)\Microsoft Visual Studio 10.0\VC\bin\bscmake.exe /nologo /o".\Release/SampleViewer.bsc" .\Release\AboutDlg.sbr .\Release\AttrTreeView.sbr .\Release\ChildFrame.sbr .\Release\ColumnTreeCtrl.sbr .\Release\ColumnTreeView.sbr .\Release\ContainerView.sbr .\Release\CtrlFrame.sbr .\Release\EventsFrame.sbr .\Release\FinderFrame.sbr .\Release\HistFrame.sbr .\Release\ImageView.sbr .\Release\InfoFrame.sbr .\Release\IPInput.sbr .\Release\ListFrame.sbr .\Release\MainFrame.sbr .\Release\SampleViewer.sbr .\Release\SaveNextDlg.sbr .\Release\SerialFrame.sbr .\Release\StdAfx.sbr .\Release\ValueView.sbr
       FinalizeBuildStatus:
         Deleting file ".\Release\SampleViewer.unsuccessfulbuild".
         Touching ".\Release\SampleViewer.lastbuildstate".
     1>Done Building Project "C:\Users\grfx\Documents\checkout_grfx\dynamic_projection\source\applications\human_paintbrush\GigESDK\examples\SampleViewer\SampleViewer.vcxproj" (build target(s)).

Build succeeded.

Time Elapsed 00:00:06.68
